#
# There is insufficient memory for the Java Runtime Environment to continue.
# Native memory allocation (malloc) failed to allocate 131088 bytes for Chunk::new
# Possible reasons:
#   The system is out of physical RAM or swap space
#   The process is running with CompressedOops enabled, and the Java Heap may be blocking the growth of the native heap
# Possible solutions:
#   Reduce memory load on the system
#   Increase physical memory or swap space
#   Check if swap backing store is full
#   Decrease Java heap size (-Xmx/-Xms)
#   Decrease number of Java threads
#   Decrease Java thread stack sizes (-Xss)
#   Set larger code cache with -XX:ReservedCodeCacheSize=
#   JVM is running with Unscaled Compressed Oops mode in which the Java heap is
#     placed in the first 4GB address space. The Java Heap base address is the
#     maximum limit for the native heap growth. Please use -XX:HeapBaseMinAddress
#     to set the Java Heap base and to place the Java Heap above 4GB virtual address.
# This output file may be truncated or incomplete.
#
#  Out of Memory Error (allocation.cpp:389), pid=1444, tid=0x0000000000003ed8
#
# JRE version: OpenJDK Runtime Environment (8.0_342-b07) (build 1.8.0_342-b07)
# Java VM: OpenJDK 64-Bit Server VM (25.342-b07 mixed mode windows-amd64 compressed oops)
# Failed to write core dump. Minidumps are not enabled by default on client versions of Windows
#

---------------  T H R E A D  ---------------

Current thread (0x000001d87a7ed000):  JavaThread "C2 CompilerThread1" daemon [_thread_in_native, id=16088, stack(0x0000004aea900000,0x0000004aeaa00000)]

Stack: [0x0000004aea900000,0x0000004aeaa00000]
[error occurred during error reporting (printing stack bounds), id 0xc0000005]

Native frames: (J=compiled Java code, j=interpreted, Vv=VM code, C=native code)


Current CompileTask:
C2:   4011 3561   !   4       com.google.common.reflect.TypeVisitor::visit (244 bytes)


---------------  P R O C E S S  ---------------

Java Threads: ( => current thread )
  0x000001d87e165800 JavaThread "jar transforms Thread 10" [_thread_blocked, id=7464, stack(0x0000004aecf00000,0x0000004aed000000)]
  0x000001d87e161800 JavaThread "Memory manager" [_thread_blocked, id=19376, stack(0x0000004aece00000,0x0000004aecf00000)]
  0x000001d87e167000 JavaThread "Cache worker for Build Output Cleanup Cache (C:\Users\user\Desktop\Projects\ColorControlCristalix\.gradle\buildOutputCleanup)" [_thread_blocked, id=14428, stack(0x0000004aecd00000,0x0000004aece00000)]
  0x000001d87e166000 JavaThread "jar transforms Thread 9" [_thread_blocked, id=23228, stack(0x0000004aecc00000,0x0000004aecd00000)]
  0x000001d87e164000 JavaThread "Cache worker for dependencies-accessors (C:\Users\user\Desktop\Projects\ColorControlCristalix\.gradle\8.1.1\dependencies-accessors)" [_thread_blocked, id=22972, stack(0x0000004aecb00000,0x0000004aecc00000)]
  0x000001d87e162000 JavaThread "jar transforms Thread 8" [_thread_blocked, id=3248, stack(0x0000004aeca00000,0x0000004aecb00000)]
  0x000001d87e163000 JavaThread "jar transforms Thread 7" [_thread_blocked, id=17176, stack(0x0000004aec900000,0x0000004aeca00000)]
  0x000001d87e159800 JavaThread "jar transforms Thread 6" [_thread_blocked, id=3304, stack(0x0000004aec800000,0x0000004aec900000)]
  0x000001d87e160800 JavaThread "jar transforms Thread 5" [_thread_blocked, id=22644, stack(0x0000004aec700000,0x0000004aec800000)]
  0x000001d87e15d800 JavaThread "jar transforms Thread 4" [_thread_blocked, id=15524, stack(0x0000004aec600000,0x0000004aec700000)]
  0x000001d87e15c800 JavaThread "jar transforms Thread 3" [_thread_blocked, id=12956, stack(0x0000004aec500000,0x0000004aec600000)]
  0x000001d87e15e800 JavaThread "jar transforms Thread 2" [_thread_blocked, id=22144, stack(0x0000004aec400000,0x0000004aec500000)]
  0x000001d87e160000 JavaThread "jar transforms" [_thread_blocked, id=7392, stack(0x0000004aec300000,0x0000004aec400000)]
  0x000001d87e15b000 JavaThread "Cache worker for execution history cache (C:\Users\user\.gradle\caches\8.1.1\executionHistory)" [_thread_blocked, id=16168, stack(0x0000004aec200000,0x0000004aec300000)]
  0x000001d87e15a800 JavaThread "Cache worker for cache directory md-supplier (C:\Users\user\.gradle\caches\8.1.1\md-supplier)" [_thread_blocked, id=12528, stack(0x0000004aec100000,0x0000004aec200000)]
  0x000001d87e15f000 JavaThread "Cache worker for file hash cache (C:\Users\user\Desktop\Projects\ColorControlCristalix\.gradle\8.1.1\fileHashes)" [_thread_blocked, id=15188, stack(0x0000004aec000000,0x0000004aec100000)]
  0x000001d87c61b000 JavaThread "Cache worker for file content cache (C:\Users\user\.gradle\caches\8.1.1\fileContent)" [_thread_blocked, id=12572, stack(0x0000004aebf00000,0x0000004aec000000)]
  0x000001d87c61c800 JavaThread "Cache worker for cache directory md-rule (C:\Users\user\.gradle\caches\8.1.1\md-rule)" [_thread_blocked, id=16372, stack(0x0000004aebe00000,0x0000004aebf00000)]
  0x000001d87c617800 JavaThread "Cache worker for checksums cache (C:\Users\user\Desktop\Projects\ColorControlCristalix\.gradle\8.1.1\checksums)" [_thread_blocked, id=19372, stack(0x0000004aebd00000,0x0000004aebe00000)]
  0x000001d87c616000 JavaThread "File watcher consumer" daemon [_thread_blocked, id=7108, stack(0x0000004aebc00000,0x0000004aebd00000)]
  0x000001d87c617000 JavaThread "File watcher server" daemon [_thread_in_native, id=1624, stack(0x0000004aebb00000,0x0000004aebc00000)]
  0x000001d87c61b800 JavaThread "Cache worker for file hash cache (C:\Users\user\.gradle\caches\8.1.1\fileHashes)" [_thread_blocked, id=20516, stack(0x0000004aeba00000,0x0000004aebb00000)]
  0x000001d87c618800 JavaThread "File lock request listener" [_thread_in_native, id=12908, stack(0x0000004aeb900000,0x0000004aeba00000)]
  0x000001d87c61d000 JavaThread "Cache worker for journal cache (C:\Users\user\.gradle\caches\journal-1)" [_thread_blocked, id=23144, stack(0x0000004aeb800000,0x0000004aeb900000)]
  0x000001d87c61a000 JavaThread "Daemon client event forwarder" [_thread_blocked, id=21604, stack(0x0000004aeb700000,0x0000004aeb800000)]
  0x000001d87c607000 JavaThread "Stdin handler" [_thread_blocked, id=13068, stack(0x0000004aeb600000,0x0000004aeb700000)]
  0x000001d87c603000 JavaThread "Asynchronous log dispatcher for DefaultDaemonConnection: socket connection from /127.0.0.1:60520 to /127.0.0.1:60521" [_thread_blocked, id=14048, stack(0x0000004aeb500000,0x0000004aeb600000)]
  0x000001d87c602000 JavaThread "Daemon worker" [_thread_in_vm, id=23520, stack(0x0000004aeb400000,0x0000004aeb500000)]
  0x000001d87c524800 JavaThread "Cancel handler" [_thread_blocked, id=4400, stack(0x0000004aeb300000,0x0000004aeb400000)]
  0x000001d87c4d1800 JavaThread "Handler for socket connection from /127.0.0.1:60520 to /127.0.0.1:60521" [_thread_in_native, id=8656, stack(0x0000004aeb200000,0x0000004aeb300000)]
  0x000001d87c66f000 JavaThread "Daemon" [_thread_blocked, id=13404, stack(0x0000004aeb100000,0x0000004aeb200000)]
  0x000001d87c5af000 JavaThread "Daemon periodic checks" [_thread_blocked, id=17920, stack(0x0000004aeb000000,0x0000004aeb100000)]
  0x000001d87c5d0800 JavaThread "Incoming local TCP Connector on port 60520" [_thread_in_native, id=16000, stack(0x0000004aeaf00000,0x0000004aeb000000)]
  0x000001d87c30e800 JavaThread "Daemon health stats" [_thread_blocked, id=13444, stack(0x0000004aeae00000,0x0000004aeaf00000)]
  0x000001d87a889000 JavaThread "Service Thread" daemon [_thread_blocked, id=16588, stack(0x0000004aeac00000,0x0000004aead00000)]
  0x000001d87829f000 JavaThread "C1 CompilerThread3" daemon [_thread_blocked, id=10004, stack(0x0000004aeab00000,0x0000004aeac00000)]
  0x000001d87a7ef800 JavaThread "C2 CompilerThread2" daemon [_thread_in_native, id=2600, stack(0x0000004aeaa00000,0x0000004aeab00000)]
=>0x000001d87a7ed000 JavaThread "C2 CompilerThread1" daemon [_thread_in_native, id=16088, stack(0x0000004aea900000,0x0000004aeaa00000)]
  0x000001d87a7f1800 JavaThread "C2 CompilerThread0" daemon [_thread_in_native, id=17676, stack(0x0000004aea800000,0x0000004aea900000)]
  0x000001d878279800 JavaThread "Attach Listener" daemon [_thread_blocked, id=14148, stack(0x0000004aea700000,0x0000004aea800000)]
  0x000001d878278800 JavaThread "Signal Dispatcher" daemon [_thread_blocked, id=7476, stack(0x0000004aea600000,0x0000004aea700000)]
  0x000001d87824d800 JavaThread "Finalizer" daemon [_thread_blocked, id=11208, stack(0x0000004aea500000,0x0000004aea600000)]
  0x000001d878246800 JavaThread "Reference Handler" daemon [_thread_blocked, id=11204, stack(0x0000004aea400000,0x0000004aea500000)]
  0x000001d8656db000 JavaThread "main" [_thread_blocked, id=19320, stack(0x0000004ae9800000,0x0000004ae9900000)]

Other Threads:
  0x000001d87821e000 VMThread [stack: 0x0000004aea300000,0x0000004aea400000] [id=17892]
  0x000001d87a7f3800 WatcherThread [stack: 0x0000004aead00000,0x0000004aeae00000] [id=9648]

VM state:not at safepoint (normal execution)

VM Mutex/Monitor currently owned by a thread: None

heap address: 0x00000000e0000000, size: 512 MB, Compressed Oops mode: 32-bit
Narrow klass base: 0x0000000000000000, Narrow klass shift: 3
Compressed class space size: 1073741824 Address: 0x0000000100000000

Heap:
 PSYoungGen      total 156160K, used 64380K [0x00000000f5580000, 0x00000000fff00000, 0x0000000100000000)
  eden space 145920K, 37% used [0x00000000f5580000,0x00000000f8a7b9b0,0x00000000fe400000)
  from space 10240K, 98% used [0x00000000fe400000,0x00000000fede3660,0x00000000fee00000)
  to   space 13824K, 0% used [0x00000000ff180000,0x00000000ff180000,0x00000000fff00000)
 ParOldGen       total 175104K, used 14294K [0x00000000e0000000, 0x00000000eab00000, 0x00000000f5580000)
  object space 175104K, 8% used [0x00000000e0000000,0x00000000e0df5a60,0x00000000eab00000)
 Metaspace       used 43380K, capacity 46164K, committed 46336K, reserved 1089536K
  class space    used 6306K, capacity 6813K, committed 6912K, reserved 1048576K

Card table byte_map: [0x000001d8765a0000,0x000001d8766b0000] byte_map_base: 0x000001d875ea0000

Marking Bits: (ParMarkBitMap*) 0x0000000061386850
 Begin Bits: [0x000001d8766b0000, 0x000001d876eb0000)
 End Bits:   [0x000001d876eb0000, 0x000001d8776b0000)

Polling page: 0x000001d865910000

CodeCache: size=245760Kb used=14127Kb max_used=14134Kb free=231632Kb
 bounds [0x000001d8671e0000, 0x000001d867fc0000, 0x000001d8761e0000]
 total_blobs=4475 nmethods=3739 adapters=648
 compilation: enabled

Compilation events (10 events):
Event: 4.001 Thread 0x000001d87829f000 3735       1       groovyjarjarasm.asm.SymbolTable::getMajorVersion (5 bytes)
Event: 4.001 Thread 0x000001d87829f000 nmethod 3735 0x000001d867faaed0 code [0x000001d867fab020, 0x000001d867fab138]
Event: 4.004 Thread 0x000001d87829f000 3737       3       groovy.lang.MetaClassImpl::inheritInterfaceNewMetaMethods (195 bytes)
Event: 4.005 Thread 0x000001d87829f000 nmethod 3737 0x000001d867fab190 code [0x000001d867fab480, 0x000001d867facb50]
Event: 4.008 Thread 0x000001d87829f000 3739       3       sun.reflect.generics.tree.SimpleClassTypeSignature::accept (8 bytes)
Event: 4.009 Thread 0x000001d87829f000 nmethod 3739 0x000001d867faeb50 code [0x000001d867faed00, 0x000001d867faf150]
Event: 4.009 Thread 0x000001d87829f000 3740       3       sun.reflect.generics.visitor.Reifier::visitSimpleClassTypeSignature (18 bytes)
Event: 4.009 Thread 0x000001d87829f000 nmethod 3740 0x000001d867fb2190 code [0x000001d867fb2320, 0x000001d867fb26b0]
Event: 4.010 Thread 0x000001d87a7f1800 nmethod 3714 0x000001d867fb28d0 code [0x000001d867fb2bc0, 0x000001d867fb40d8]
Event: 4.010 Thread 0x000001d87a7f1800 3719       4       org.codehaus.groovy.runtime.metaclass.MetaMethodIndex::copyNonPrivateNonNewMetaMethods (171 bytes)

GC Heap History (10 events):
Event: 2.091 GC heap before
{Heap before GC invocations=5 (full 1):
 PSYoungGen      total 141824K, used 10503K [0x00000000f5580000, 0x00000000fea80000, 0x0000000100000000)
  eden space 131072K, 0% used [0x00000000f5580000,0x00000000f5580000,0x00000000fd580000)
  from space 10752K, 97% used [0x00000000fe000000,0x00000000fea41c48,0x00000000fea80000)
  to   space 10752K, 0% used [0x00000000fd580000,0x00000000fd580000,0x00000000fe000000)
 ParOldGen       total 175104K, used 40K [0x00000000e0000000, 0x00000000eab00000, 0x00000000f5580000)
  object space 175104K, 0% used [0x00000000e0000000,0x00000000e000a000,0x00000000eab00000)
 Metaspace       used 20343K, capacity 21248K, committed 21296K, reserved 1067008K
  class space    used 2973K, capacity 3178K, committed 3200K, reserved 1048576K
Event: 2.114 GC heap after
Heap after GC invocations=5 (full 1):
 PSYoungGen      total 141824K, used 0K [0x00000000f5580000, 0x00000000fea80000, 0x0000000100000000)
  eden space 131072K, 0% used [0x00000000f5580000,0x00000000f5580000,0x00000000fd580000)
  from space 10752K, 0% used [0x00000000fe000000,0x00000000fe000000,0x00000000fea80000)
  to   space 10752K, 0% used [0x00000000fd580000,0x00000000fd580000,0x00000000fe000000)
 ParOldGen       total 175104K, used 10094K [0x00000000e0000000, 0x00000000eab00000, 0x00000000f5580000)
  object space 175104K, 5% used [0x00000000e0000000,0x00000000e09db9f8,0x00000000eab00000)
 Metaspace       used 20343K, capacity 21248K, committed 21296K, reserved 1067008K
  class space    used 2973K, capacity 3178K, committed 3200K, reserved 1048576K
}
Event: 2.830 GC heap before
{Heap before GC invocations=6 (full 1):
 PSYoungGen      total 141824K, used 131072K [0x00000000f5580000, 0x00000000fea80000, 0x0000000100000000)
  eden space 131072K, 100% used [0x00000000f5580000,0x00000000fd580000,0x00000000fd580000)
  from space 10752K, 0% used [0x00000000fe000000,0x00000000fe000000,0x00000000fea80000)
  to   space 10752K, 0% used [0x00000000fd580000,0x00000000fd580000,0x00000000fe000000)
 ParOldGen       total 175104K, used 10094K [0x00000000e0000000, 0x00000000eab00000, 0x00000000f5580000)
  object space 175104K, 5% used [0x00000000e0000000,0x00000000e09db9f8,0x00000000eab00000)
 Metaspace       used 29807K, capacity 31478K, committed 31744K, reserved 1077248K
  class space    used 4447K, capacity 4812K, committed 4864K, reserved 1048576K
Event: 2.838 GC heap after
Heap after GC invocations=6 (full 1):
 PSYoungGen      total 141824K, used 10741K [0x00000000f5580000, 0x0000000100000000, 0x0000000100000000)
  eden space 131072K, 0% used [0x00000000f5580000,0x00000000f5580000,0x00000000fd580000)
  from space 10752K, 99% used [0x00000000fd580000,0x00000000fdffd5c0,0x00000000fe000000)
  to   space 14336K, 0% used [0x00000000ff200000,0x00000000ff200000,0x0000000100000000)
 ParOldGen       total 175104K, used 11497K [0x00000000e0000000, 0x00000000eab00000, 0x00000000f5580000)
  object space 175104K, 6% used [0x00000000e0000000,0x00000000e0b3a5f8,0x00000000eab00000)
 Metaspace       used 29807K, capacity 31478K, committed 31744K, reserved 1077248K
  class space    used 4447K, capacity 4812K, committed 4864K, reserved 1048576K
}
Event: 3.009 GC heap before
{Heap before GC invocations=7 (full 1):
 PSYoungGen      total 141824K, used 39088K [0x00000000f5580000, 0x0000000100000000, 0x0000000100000000)
  eden space 131072K, 21% used [0x00000000f5580000,0x00000000f712eb58,0x00000000fd580000)
  from space 10752K, 99% used [0x00000000fd580000,0x00000000fdffd5c0,0x00000000fe000000)
  to   space 14336K, 0% used [0x00000000ff200000,0x00000000ff200000,0x0000000100000000)
 ParOldGen       total 175104K, used 11497K [0x00000000e0000000, 0x00000000eab00000, 0x00000000f5580000)
  object space 175104K, 6% used [0x00000000e0000000,0x00000000e0b3a5f8,0x00000000eab00000)
 Metaspace       used 33587K, capacity 35278K, committed 35456K, reserved 1079296K
  class space    used 4819K, capacity 5152K, committed 5248K, reserved 1048576K
Event: 3.013 GC heap after
Heap after GC invocations=7 (full 1):
 PSYoungGen      total 160256K, used 6982K [0x00000000f5580000, 0x0000000100000000, 0x0000000100000000)
  eden space 145920K, 0% used [0x00000000f5580000,0x00000000f5580000,0x00000000fe400000)
  from space 14336K, 48% used [0x00000000ff200000,0x00000000ff8d18c8,0x0000000100000000)
  to   space 14336K, 0% used [0x00000000fe400000,0x00000000fe400000,0x00000000ff200000)
 ParOldGen       total 175104K, used 11505K [0x00000000e0000000, 0x00000000eab00000, 0x00000000f5580000)
  object space 175104K, 6% used [0x00000000e0000000,0x00000000e0b3c5f8,0x00000000eab00000)
 Metaspace       used 33587K, capacity 35278K, committed 35456K, reserved 1079296K
  class space    used 4819K, capacity 5152K, committed 5248K, reserved 1048576K
}
Event: 3.013 GC heap before
{Heap before GC invocations=8 (full 2):
 PSYoungGen      total 160256K, used 6982K [0x00000000f5580000, 0x0000000100000000, 0x0000000100000000)
  eden space 145920K, 0% used [0x00000000f5580000,0x00000000f5580000,0x00000000fe400000)
  from space 14336K, 48% used [0x00000000ff200000,0x00000000ff8d18c8,0x0000000100000000)
  to   space 14336K, 0% used [0x00000000fe400000,0x00000000fe400000,0x00000000ff200000)
 ParOldGen       total 175104K, used 11505K [0x00000000e0000000, 0x00000000eab00000, 0x00000000f5580000)
  object space 175104K, 6% used [0x00000000e0000000,0x00000000e0b3c5f8,0x00000000eab00000)
 Metaspace       used 33587K, capacity 35278K, committed 35456K, reserved 1079296K
  class space    used 4819K, capacity 5152K, committed 5248K, reserved 1048576K
Event: 3.038 GC heap after
Heap after GC invocations=8 (full 2):
 PSYoungGen      total 160256K, used 0K [0x00000000f5580000, 0x0000000100000000, 0x0000000100000000)
  eden space 145920K, 0% used [0x00000000f5580000,0x00000000f5580000,0x00000000fe400000)
  from space 14336K, 0% used [0x00000000ff200000,0x00000000ff200000,0x0000000100000000)
  to   space 14336K, 0% used [0x00000000fe400000,0x00000000fe400000,0x00000000ff200000)
 ParOldGen       total 175104K, used 14286K [0x00000000e0000000, 0x00000000eab00000, 0x00000000f5580000)
  object space 175104K, 8% used [0x00000000e0000000,0x00000000e0df3a60,0x00000000eab00000)
 Metaspace       used 33587K, capacity 35278K, committed 35456K, reserved 1079296K
  class space    used 4819K, capacity 5152K, committed 5248K, reserved 1048576K
}
Event: 3.803 GC heap before
{Heap before GC invocations=9 (full 2):
 PSYoungGen      total 160256K, used 145920K [0x00000000f5580000, 0x0000000100000000, 0x0000000100000000)
  eden space 145920K, 100% used [0x00000000f5580000,0x00000000fe400000,0x00000000fe400000)
  from space 14336K, 0% used [0x00000000ff200000,0x00000000ff200000,0x0000000100000000)
  to   space 14336K, 0% used [0x00000000fe400000,0x00000000fe400000,0x00000000ff200000)
 ParOldGen       total 175104K, used 14286K [0x00000000e0000000, 0x00000000eab00000, 0x00000000f5580000)
  object space 175104K, 8% used [0x00000000e0000000,0x00000000e0df3a60,0x00000000eab00000)
 Metaspace       used 42181K, capacity 44644K, committed 44800K, reserved 1087488K
  class space    used 6110K, capacity 6585K, committed 6656K, reserved 1048576K
Event: 3.809 GC heap after
Heap after GC invocations=9 (full 2):
 PSYoungGen      total 156160K, used 10125K [0x00000000f5580000, 0x00000000fff00000, 0x0000000100000000)
  eden space 145920K, 0% used [0x00000000f5580000,0x00000000f5580000,0x00000000fe400000)
  from space 10240K, 98% used [0x00000000fe400000,0x00000000fede3660,0x00000000fee00000)
  to   space 13824K, 0% used [0x00000000ff180000,0x00000000ff180000,0x00000000fff00000)
 ParOldGen       total 175104K, used 14294K [0x00000000e0000000, 0x00000000eab00000, 0x00000000f5580000)
  object space 175104K, 8% used [0x00000000e0000000,0x00000000e0df5a60,0x00000000eab00000)
 Metaspace       used 42181K, capacity 44644K, committed 44800K, reserved 1087488K
  class space    used 6110K, capacity 6585K, committed 6656K, reserved 1048576K
}

Deoptimization events (10 events):
Event: 3.876 Thread 0x000001d87c602000 Uncommon trap: reason=null_check action=make_not_entrant pc=0x000001d867d892e0 method=java.lang.ThreadLocal$ThreadLocalMap.getEntryAfterMiss(Ljava/lang/ThreadLocal;ILjava/lang/ThreadLocal$ThreadLocalMap$Entry;)Ljava/lang/ThreadLocal$ThreadLocalMap$Entry; 
Event: 3.883 Thread 0x000001d87c602000 Uncommon trap: reason=bimorphic action=maybe_recompile pc=0x000001d867ad7620 method=java.util.AbstractCollection.addAll(Ljava/util/Collection;)Z @ 29
Event: 3.899 Thread 0x000001d87c602000 Uncommon trap: reason=class_check action=maybe_recompile pc=0x000001d867a24d54 method=java.lang.reflect.Executable.getAnnotation(Ljava/lang/Class;)Ljava/lang/annotation/Annotation; @ 19
Event: 3.899 Thread 0x000001d87c602000 Uncommon trap: reason=class_check action=maybe_recompile pc=0x000001d867a24d54 method=java.lang.reflect.Executable.getAnnotation(Ljava/lang/Class;)Ljava/lang/annotation/Annotation; @ 19
Event: 3.899 Thread 0x000001d87c602000 Uncommon trap: reason=class_check action=maybe_recompile pc=0x000001d867a24d54 method=java.lang.reflect.Executable.getAnnotation(Ljava/lang/Class;)Ljava/lang/annotation/Annotation; @ 19
Event: 3.934 Thread 0x000001d87c602000 Uncommon trap: reason=bimorphic action=maybe_recompile pc=0x000001d867ce4ca4 method=org.codehaus.groovy.runtime.metaclass.MetaMethodIndex.isOverridden(Lgroovy/lang/MetaMethod;Lgroovy/lang/MetaMethod;)Z @ 56
Event: 3.937 Thread 0x000001d87c602000 Uncommon trap: reason=bimorphic action=maybe_recompile pc=0x000001d867ce4ca4 method=org.codehaus.groovy.runtime.metaclass.MetaMethodIndex.isOverridden(Lgroovy/lang/MetaMethod;Lgroovy/lang/MetaMethod;)Z @ 56
Event: 3.939 Thread 0x000001d87c602000 Uncommon trap: reason=bimorphic action=maybe_recompile pc=0x000001d867ce60dc method=org.codehaus.groovy.runtime.metaclass.MetaMethodIndex.isOverridden(Lgroovy/lang/MetaMethod;Lgroovy/lang/MetaMethod;)Z @ 10
Event: 3.986 Thread 0x000001d87c602000 Uncommon trap: reason=unstable_if action=reinterpret pc=0x000001d867f5db74 method=java.lang.Class$MethodArray.removeLessSpecifics()V @ 25
Event: 3.988 Thread 0x000001d87c602000 Uncommon trap: reason=bimorphic action=maybe_recompile pc=0x000001d867ce4ca4 method=org.codehaus.groovy.runtime.metaclass.MetaMethodIndex.isOverridden(Lgroovy/lang/MetaMethod;Lgroovy/lang/MetaMethod;)Z @ 56

Classes redefined (0 events):
No events

Internal exceptions (10 events):
Event: 3.994 Thread 0x000001d87c602000 Exception <a 'java/lang/ClassNotFoundException': org/gradle/api/internal/tasks/DefaultTaskCollectionBeanInfo> (0x00000000f8406b30) thrown at [C:\wsjdk\Corretto8Src\installers\windows\zip\corretto-build\buildRoot\hotspot\src\share\vm\classfile\systemDictio
Event: 3.994 Thread 0x000001d87c602000 Exception <a 'java/lang/ClassNotFoundException': org/gradle/api/internal/DefaultNamedDomainObjectSetBeanInfo> (0x00000000f8444768) thrown at [C:\wsjdk\Corretto8Src\installers\windows\zip\corretto-build\buildRoot\hotspot\src\share\vm\classfile\systemDictio
Event: 3.995 Thread 0x000001d87c602000 Exception <a 'java/lang/ClassNotFoundException': org/gradle/api/internal/DefaultNamedDomainObjectSetCustomizer> (0x00000000f84831e0) thrown at [C:\wsjdk\Corretto8Src\installers\windows\zip\corretto-build\buildRoot\hotspot\src\share\vm\classfile\systemDict
Event: 3.996 Thread 0x000001d87c602000 Exception <a 'java/lang/ClassNotFoundException': org/gradle/api/internal/tasks/DefaultTaskCollectionCustomizer> (0x00000000f84db930) thrown at [C:\wsjdk\Corretto8Src\installers\windows\zip\corretto-build\buildRoot\hotspot\src\share\vm\classfile\systemDict
Event: 3.996 Thread 0x000001d87c602000 Exception <a 'java/lang/ClassNotFoundException': org/gradle/api/internal/tasks/DefaultTaskContainerCustomizer> (0x00000000f854bbd0) thrown at [C:\wsjdk\Corretto8Src\installers\windows\zip\corretto-build\buildRoot\hotspot\src\share\vm\classfile\systemDicti
Event: 3.998 Thread 0x000001d87c602000 Exception <a 'java/lang/ClassNotFoundException': org/gradle/api/internal/tasks/DefaultTaskContainer_DecoratedCustomizer> (0x00000000f85e7260) thrown at [C:\wsjdk\Corretto8Src\installers\windows\zip\corretto-build\buildRoot\hotspot\src\share\vm\classfile\s
Event: 4.007 Thread 0x000001d87c602000 Exception <a 'java/lang/ClassNotFoundException': org/gradle/api/internal/tasks/DefaultRealizableTaskCollection_DecoratedBeanInfo> (0x00000000f88ba090) thrown at [C:\wsjdk\Corretto8Src\installers\windows\zip\corretto-build\buildRoot\hotspot\src\share\vm\cl
Event: 4.007 Thread 0x000001d87c602000 Exception <a 'java/lang/ClassNotFoundException': org/gradle/api/internal/tasks/DefaultRealizableTaskCollectionBeanInfo> (0x00000000f88fe170) thrown at [C:\wsjdk\Corretto8Src\installers\windows\zip\corretto-build\buildRoot\hotspot\src\share\vm\classfile\sy
Event: 4.008 Thread 0x000001d87c602000 Exception <a 'java/lang/ClassNotFoundException': org/gradle/api/internal/tasks/DefaultRealizableTaskCollectionCustomizer> (0x00000000f89431b0) thrown at [C:\wsjdk\Corretto8Src\installers\windows\zip\corretto-build\buildRoot\hotspot\src\share\vm\classfile\
Event: 4.009 Thread 0x000001d87c602000 Exception <a 'java/lang/ClassNotFoundException': org/gradle/api/internal/tasks/DefaultRealizableTaskCollection_DecoratedCustomizer> (0x00000000f89d9d08) thrown at [C:\wsjdk\Corretto8Src\installers\windows\zip\corretto-build\buildRoot\hotspot\src\share\vm\

Events (10 events):
Event: 4.008 loading class org/gradle/api/internal/tasks/DefaultRealizableTaskCollectionCustomizer
Event: 4.008 loading class org/gradle/api/internal/tasks/DefaultRealizableTaskCollectionCustomizer done
Event: 4.009 loading class org/gradle/api/internal/tasks/DefaultRealizableTaskCollection_DecoratedCustomizer
Event: 4.009 loading class org/gradle/api/internal/tasks/DefaultRealizableTaskCollection_DecoratedCustomizer done
Event: 4.009 loading class org/gradle/api/internal/tasks/DefaultRealizableTaskCollection_DecoratedCustomizer
Event: 4.009 loading class org/gradle/api/internal/tasks/DefaultRealizableTaskCollection_DecoratedCustomizer done
Event: 4.009 loading class org/gradle/api/internal/tasks/DefaultRealizableTaskCollection_DecoratedCustomizer
Event: 4.009 loading class org/gradle/api/internal/tasks/DefaultRealizableTaskCollection_DecoratedCustomizer done
Event: 4.009 loading class org/gradle/api/internal/tasks/DefaultRealizableTaskCollection_DecoratedCustomizer
Event: 4.009 loading class org/gradle/api/internal/tasks/DefaultRealizableTaskCollection_DecoratedCustomizer done


Dynamic libraries:
0x00007ff703900000 - 0x00007ff70393a000 	C:\Users\user\.jdks\corretto-1.8.0_342\bin\java.exe
0x00007ff804e40000 - 0x00007ff805047000 	C:\WINDOWS\SYSTEM32\ntdll.dll
0x00007ff803210000 - 0x00007ff8032cd000 	C:\WINDOWS\System32\KERNEL32.DLL
0x00007ff802490000 - 0x00007ff802804000 	C:\WINDOWS\System32\KERNELBASE.dll
0x00007ff804350000 - 0x00007ff8043fc000 	C:\WINDOWS\System32\ADVAPI32.dll
0x00007ff802cd0000 - 0x00007ff802d73000 	C:\WINDOWS\System32\msvcrt.dll
0x00007ff804c70000 - 0x00007ff804d0d000 	C:\WINDOWS\System32\sechost.dll
0x00007ff804220000 - 0x00007ff804341000 	C:\WINDOWS\System32\RPCRT4.dll
0x00007ff804700000 - 0x00007ff8048ac000 	C:\WINDOWS\System32\USER32.dll
0x00007ff802810000 - 0x00007ff802836000 	C:\WINDOWS\System32\win32u.dll
0x00007ff803fc0000 - 0x00007ff803fe9000 	C:\WINDOWS\System32\GDI32.dll
0x00007ff802aa0000 - 0x00007ff802bb2000 	C:\WINDOWS\System32\gdi32full.dll
0x00007ff802bc0000 - 0x00007ff802c5d000 	C:\WINDOWS\System32\msvcp_win.dll
0x00007ff802840000 - 0x00007ff802951000 	C:\WINDOWS\System32\ucrtbase.dll
0x00007ffff6ab0000 - 0x00007ffff6d55000 	C:\WINDOWS\WinSxS\amd64_microsoft.windows.common-controls_6595b64144ccf1df_6.0.22000.120_none_9d947278b86cc467\COMCTL32.dll
0x00007ff804dc0000 - 0x00007ff804df1000 	C:\WINDOWS\System32\IMM32.DLL
0x00007fffba730000 - 0x00007fffba81f000 	C:\Users\user\.jdks\corretto-1.8.0_342\jre\bin\msvcr120.dll
0x00007fffba680000 - 0x00007fffba726000 	C:\Users\user\.jdks\corretto-1.8.0_342\jre\bin\msvcp120.dll
0x0000000060b90000 - 0x0000000061405000 	C:\Users\user\.jdks\corretto-1.8.0_342\jre\bin\server\jvm.dll
0x00007ff802d80000 - 0x00007ff802d88000 	C:\WINDOWS\System32\PSAPI.DLL
0x00007ffff76d0000 - 0x00007ffff76d9000 	C:\WINDOWS\SYSTEM32\WSOCK32.dll
0x00007ffffb510000 - 0x00007ffffb51a000 	C:\WINDOWS\SYSTEM32\VERSION.dll
0x00007ffff7e60000 - 0x00007ffff7e93000 	C:\WINDOWS\SYSTEM32\WINMM.dll
0x00007ff803b70000 - 0x00007ff803bdf000 	C:\WINDOWS\System32\WS2_32.dll
0x00007ffff7b60000 - 0x00007ffff7b6f000 	C:\Users\user\.jdks\corretto-1.8.0_342\jre\bin\verify.dll
0x00007fffe1420000 - 0x00007fffe1449000 	C:\Users\user\.jdks\corretto-1.8.0_342\jre\bin\java.dll
0x00007ffff7c20000 - 0x00007ffff7c4a000 	C:\Users\user\.jdks\corretto-1.8.0_342\jre\bin\instrument.dll
0x00007fffe7fb0000 - 0x00007fffe7fc6000 	C:\Users\user\.jdks\corretto-1.8.0_342\jre\bin\zip.dll
0x00007ff8033c0000 - 0x00007ff803b6e000 	C:\WINDOWS\System32\SHELL32.dll
0x00007ff8004d0000 - 0x00007ff800d37000 	C:\WINDOWS\SYSTEM32\windows.storage.dll
0x00007ff803c40000 - 0x00007ff803fb8000 	C:\WINDOWS\System32\combase.dll
0x00007ff800360000 - 0x00007ff8004c6000 	C:\WINDOWS\SYSTEM32\wintypes.dll
0x00007ff8032d0000 - 0x00007ff8033ba000 	C:\WINDOWS\System32\SHCORE.dll
0x00007ff803ff0000 - 0x00007ff80404d000 	C:\WINDOWS\System32\shlwapi.dll
0x00007ff802250000 - 0x00007ff802271000 	C:\WINDOWS\SYSTEM32\profapi.dll
0x00007fffddda0000 - 0x00007fffdddba000 	C:\Users\user\.jdks\corretto-1.8.0_342\jre\bin\net.dll
0x00007ff801940000 - 0x00007ff8019a7000 	C:\WINDOWS\system32\mswsock.dll
0x00007fffdc8c0000 - 0x00007fffdc8d2000 	C:\Users\user\.jdks\corretto-1.8.0_342\jre\bin\nio.dll
0x00007ffff7c50000 - 0x00007ffff7c77000 	C:\Users\user\.gradle\native\68d5fa5c4cc2d200863cafc0d521ce42e7d3e7ee720ec0a83991735586a16f82\windows-amd64\native-platform.dll
0x00007fffbc860000 - 0x00007fffbc9a4000 	C:\Users\user\.gradle\native\e376f236ea51e6404a007f0833ffe2c6e607c4080706a723a18a27aeea778392\windows-amd64\native-platform-file-events.dll
0x00007ffff81c0000 - 0x00007ffff81cd000 	C:\Users\user\.jdks\corretto-1.8.0_342\jre\bin\management.dll
0x00007ff801b90000 - 0x00007ff801ba8000 	C:\WINDOWS\SYSTEM32\CRYPTSP.dll
0x00007ff801490000 - 0x00007ff8014c5000 	C:\WINDOWS\system32\rsaenh.dll
0x00007ff801a30000 - 0x00007ff801a59000 	C:\WINDOWS\SYSTEM32\USERENV.dll
0x00007ff801d00000 - 0x00007ff801d27000 	C:\WINDOWS\SYSTEM32\bcrypt.dll
0x00007ff802a20000 - 0x00007ff802a9f000 	C:\WINDOWS\System32\bcryptprimitives.dll
0x00007ff801b80000 - 0x00007ff801b8c000 	C:\WINDOWS\SYSTEM32\CRYPTBASE.dll
0x00007ff801070000 - 0x00007ff80109d000 	C:\WINDOWS\SYSTEM32\IPHLPAPI.DLL
0x00007ff804470000 - 0x00007ff804479000 	C:\WINDOWS\System32\NSI.dll
0x00007ffffd820000 - 0x00007ffffd839000 	C:\WINDOWS\SYSTEM32\dhcpcsvc6.DLL
0x00007ffffdc00000 - 0x00007ffffdc1e000 	C:\WINDOWS\SYSTEM32\dhcpcsvc.DLL
0x00007ff8010a0000 - 0x00007ff801187000 	C:\WINDOWS\SYSTEM32\DNSAPI.dll

VM Arguments:
jvm_args: -XX:MaxMetaspaceSize=384m -XX:+HeapDumpOnOutOfMemoryError -Xms256m -Xmx512m -Dfile.encoding=windows-1251 -Duser.country=US -Duser.language=en -Duser.variant -javaagent:C:\Users\user\.gradle\wrapper\dists\gradle-8.1.1-bin\9wiye5v2saajue4irfo8ybqfp\gradle-8.1.1\lib\agents\gradle-instrumentation-agent-8.1.1.jar 
java_command: org.gradle.launcher.daemon.bootstrap.GradleDaemon 8.1.1
java_class_path (initial): C:\Users\user\.gradle\wrapper\dists\gradle-8.1.1-bin\9wiye5v2saajue4irfo8ybqfp\gradle-8.1.1\lib\gradle-launcher-8.1.1.jar;C:\Users\user\.gradle\wrapper\dists\gradle-8.1.1-bin\9wiye5v2saajue4irfo8ybqfp\gradle-8.1.1\lib\agents\gradle-instrumentation-agent-8.1.1.jar
Launcher Type: SUN_STANDARD

Environment Variables:
JAVA_HOME=C:\Program Files\BellSoft\LibericaJDK-8\
PATH=C:\Program Files\Common Files\Oracle\Java\javapath;C:\Program Files (x86)\Common Files\Oracle\Java\javapath;C:\Program Files\BellSoft\LibericaJDK-8\bin\;D:\bin\;C:\ProgramData\Oracle\Java\javapath;C:\Windows\system32;C:\Windows;C:\Windows\System32\Wbem;C:\Windows\System32\WindowsPowerShell\v1.0\;C:\Windows\System32\OpenSSH\;C:\Program Files (x86)\NVIDIA Corporation\PhysX\Common;C:\WINDOWS\system32;C:\WINDOWS;C:\WINDOWS\System32\Wbem;C:\WINDOWS\System32\WindowsPowerShell\v1.0\;C:\WINDOWS\System32\OpenSSH\;C:\Program Files\Git\cmd;C:\Program Files\NVIDIA Corporation\NVIDIA NvDLISR;D:\js\;C:\Users\user\AppData\Local\Microsoft\WindowsApps;;D:\Microsoft VS Code\bin;C:\Users\user\AppData\Roaming\npm
USERNAME=user
OS=Windows_NT
PROCESSOR_IDENTIFIER=AMD64 Family 23 Model 113 Stepping 0, AuthenticAMD



---------------  S Y S T E M  ---------------

OS: Windows 11 , 64 bit Build 22000 (10.0.22000.318)

CPU:total 12 (initial active 12) (12 cores per cpu, 1 threads per core) family 23 model 113 stepping 0, cmov, cx8, fxsr, mmx, sse, sse2, sse3, ssse3, sse4.1, sse4.2, popcnt, avx, avx2, aes, clmul, mmxext, 3dnowpref, lzcnt, sse4a, tsc, tscinvbit, tscinv, bmi1

Memory: 4k page, physical 16724476k(2489192k free), swap 25113084k(5132k free)

vm_info: OpenJDK 64-Bit Server VM (25.342-b07) for windows-amd64 JRE (1.8.0_342-b07), built on Jul 21 2022 18:16:14 by "Administrator" with MS VC++ 12.0 (VS2013)

time: Sat Oct 07 22:04:57 2023
timezone: RTZ 2 (зима)
elapsed time: 4.015703 seconds (0d 0h 0m 4s)

