#
# There is insufficient memory for the Java Runtime Environment to continue.
# Native memory allocation (malloc) failed to allocate 656496 bytes for Chunk::new
# Possible reasons:
#   The system is out of physical RAM or swap space
#   The process is running with CompressedOops enabled, and the Java Heap may be blocking the growth of the native heap
# Possible solutions:
#   Reduce memory load on the system
#   Increase physical memory or swap space
#   Check if swap backing store is full
#   Decrease Java heap size (-Xmx/-Xms)
#   Decrease number of Java threads
#   Decrease Java thread stack sizes (-Xss)
#   Set larger code cache with -XX:ReservedCodeCacheSize=
#   JVM is running with Unscaled Compressed Oops mode in which the Java heap is
#     placed in the first 4GB address space. The Java Heap base address is the
#     maximum limit for the native heap growth. Please use -XX:HeapBaseMinAddress
#     to set the Java Heap base and to place the Java Heap above 4GB virtual address.
# This output file may be truncated or incomplete.
#
#  Out of Memory Error (allocation.cpp:389), pid=15968, tid=0x0000000000003c0c
#
# JRE version: OpenJDK Runtime Environment (8.0_342-b07) (build 1.8.0_342-b07)
# Java VM: OpenJDK 64-Bit Server VM (25.342-b07 mixed mode windows-amd64 compressed oops)
# Failed to write core dump. Minidumps are not enabled by default on client versions of Windows
#

---------------  T H R E A D  ---------------

Current thread (0x000001775c96b000):  JavaThread "C2 CompilerThread1" daemon [_thread_in_native, id=15372, stack(0x0000003ffb200000,0x0000003ffb300000)]

Stack: [0x0000003ffb200000,0x0000003ffb300000]
[error occurred during error reporting (printing stack bounds), id 0xc0000005]

Native frames: (J=compiled Java code, j=interpreted, Vv=VM code, C=native code)


Current CompileTask:
C2: 286291 7764       4       sun.reflect.generics.parser.SignatureParser::parsePackageNameAndSimpleClassTypeSignature (119 bytes)


---------------  P R O C E S S  ---------------

Java Threads: ( => current thread )
  0x000001776047e000 JavaThread "Build operations Thread 11" [_thread_blocked, id=12088, stack(0x0000003fff900000,0x0000003fffa00000)]
  0x000001776047a800 JavaThread "Build operations Thread 10" [_thread_blocked, id=15752, stack(0x0000003fff800000,0x0000003fff900000)]
  0x000001776047d000 JavaThread "Build operations Thread 9" [_thread_blocked, id=2684, stack(0x0000003fff700000,0x0000003fff800000)]
  0x000001776047a000 JavaThread "Build operations Thread 8" [_thread_blocked, id=21292, stack(0x0000003fff600000,0x0000003fff700000)]
  0x0000017760475000 JavaThread "Build operations Thread 7" [_thread_blocked, id=6536, stack(0x0000003fff500000,0x0000003fff600000)]
  0x000001776047c000 JavaThread "Build operations Thread 6" [_thread_blocked, id=18888, stack(0x0000003fff400000,0x0000003fff500000)]
  0x0000017760474800 JavaThread "Build operations Thread 5" [_thread_blocked, id=17296, stack(0x0000003fff300000,0x0000003fff400000)]
  0x000001776047b800 JavaThread "Build operations Thread 4" [_thread_blocked, id=11916, stack(0x0000003fff200000,0x0000003fff300000)]
  0x0000017760479000 JavaThread "Build operations Thread 3" [_thread_blocked, id=11088, stack(0x0000003fff000000,0x0000003fff100000)]
  0x0000017760476800 JavaThread "Build operations Thread 2" [_thread_blocked, id=21000, stack(0x0000003ffef00000,0x0000003fff000000)]
  0x0000017760471000 JavaThread "Build operations" [_thread_blocked, id=15616, stack(0x0000003ffee00000,0x0000003ffef00000)]
  0x0000017760476000 JavaThread "Unconstrained build operations Thread 11" [_thread_blocked, id=16680, stack(0x0000003ffed00000,0x0000003ffee00000)]
  0x0000017760478800 JavaThread "Unconstrained build operations Thread 10" [_thread_blocked, id=17976, stack(0x0000003ffec00000,0x0000003ffed00000)]
  0x0000017760470800 JavaThread "Unconstrained build operations Thread 9" [_thread_blocked, id=7944, stack(0x0000003ffeb00000,0x0000003ffec00000)]
  0x0000017760477800 JavaThread "Unconstrained build operations Thread 8" [_thread_blocked, id=9348, stack(0x0000003ffea00000,0x0000003ffeb00000)]
  0x000001776046f800 JavaThread "Unconstrained build operations Thread 7" [_thread_blocked, id=11940, stack(0x0000003ffe900000,0x0000003ffea00000)]
  0x0000017760473000 JavaThread "Unconstrained build operations Thread 6" [_thread_blocked, id=5224, stack(0x0000003ffe800000,0x0000003ffe900000)]
  0x0000017760473800 JavaThread "Unconstrained build operations Thread 5" [_thread_blocked, id=8156, stack(0x0000003ffe700000,0x0000003ffe800000)]
  0x0000017760472000 JavaThread "Unconstrained build operations Thread 4" [_thread_blocked, id=14276, stack(0x0000003ffe600000,0x0000003ffe700000)]
  0x000001775e092800 JavaThread "Unconstrained build operations Thread 3" [_thread_blocked, id=13064, stack(0x0000003ffe500000,0x0000003ffe600000)]
  0x000001775e08d000 JavaThread "Unconstrained build operations Thread 2" [_thread_blocked, id=19268, stack(0x0000003ffe400000,0x0000003ffe500000)]
  0x000001775e092000 JavaThread "Unconstrained build operations" [_thread_blocked, id=16656, stack(0x0000003ffe300000,0x0000003ffe400000)]
  0x000001775e08f800 JavaThread "Cache worker for execution history cache (C:\Users\user\Desktop\Projects\ColorControlCristalix\.gradle\8.1.1\executionHistory)" [_thread_blocked, id=17300, stack(0x0000003ffe200000,0x0000003ffe300000)]
  0x000001775efd1800 JavaThread "Execution worker Thread 11" [_thread_blocked, id=11984, stack(0x0000003ffe100000,0x0000003ffe200000)]
  0x000001775efd2800 JavaThread "Execution worker Thread 10" [_thread_blocked, id=18072, stack(0x0000003ffe000000,0x0000003ffe100000)]
  0x000001775efd4000 JavaThread "Execution worker Thread 9" [_thread_blocked, id=13948, stack(0x0000003ffdf00000,0x0000003ffe000000)]
  0x000001775efca000 JavaThread "Execution worker Thread 8" [_thread_blocked, id=19900, stack(0x0000003ffde00000,0x0000003ffdf00000)]
  0x000001775efcb800 JavaThread "Execution worker Thread 7" [_thread_blocked, id=3672, stack(0x0000003ffdd00000,0x0000003ffde00000)]
  0x000001775efd0000 JavaThread "Execution worker Thread 6" [_thread_blocked, id=10376, stack(0x0000003ffdc00000,0x0000003ffdd00000)]
  0x000001776342a800 JavaThread "Execution worker Thread 5" [_thread_blocked, id=19264, stack(0x0000003ffdb00000,0x0000003ffdc00000)]
  0x0000017763429800 JavaThread "Execution worker Thread 4" [_thread_blocked, id=6440, stack(0x0000003ffda00000,0x0000003ffdb00000)]
  0x000001776342d800 JavaThread "Execution worker Thread 3" [_thread_blocked, id=19536, stack(0x0000003ffd900000,0x0000003ffda00000)]
  0x000001776342e800 JavaThread "Execution worker Thread 2" [_thread_blocked, id=13732, stack(0x0000003ffd600000,0x0000003ffd700000)]
  0x000001776342b000 JavaThread "Execution worker" [_thread_in_Java, id=11616, stack(0x0000003ffd400000,0x0000003ffd500000)]
  0x0000017763429000 JavaThread "included builds" [_thread_blocked, id=16520, stack(0x0000003ffca00000,0x0000003ffcb00000)]
  0x000001776342c800 JavaThread "Cache worker for Build Output Cleanup Cache (C:\Users\user\Desktop\Projects\ColorControlCristalix\.gradle\buildOutputCleanup)" [_thread_blocked, id=4420, stack(0x0000003ffc900000,0x0000003ffca00000)]
  0x000001776342c000 JavaThread "Cache worker for dependencies-accessors (C:\Users\user\Desktop\Projects\ColorControlCristalix\.gradle\8.1.1\dependencies-accessors)" [_thread_blocked, id=5416, stack(0x0000003ffc700000,0x0000003ffc800000)]
  0x0000017763421000 JavaThread "Cache worker for cache directory md-supplier (C:\Users\user\.gradle\caches\8.1.1\md-supplier)" [_thread_blocked, id=1492, stack(0x0000003ffc600000,0x0000003ffc700000)]
  0x0000017763422800 JavaThread "Cache worker for file hash cache (C:\Users\user\Desktop\Projects\ColorControlCristalix\.gradle\8.1.1\fileHashes)" [_thread_blocked, id=21324, stack(0x0000003ffc000000,0x0000003ffc100000)]
  0x0000017763428000 JavaThread "Cache worker for cache directory md-rule (C:\Users\user\.gradle\caches\8.1.1\md-rule)" [_thread_blocked, id=9628, stack(0x0000003ffbf00000,0x0000003ffc000000)]
  0x0000017763420000 JavaThread "Cache worker for checksums cache (C:\Users\user\Desktop\Projects\ColorControlCristalix\.gradle\8.1.1\checksums)" [_thread_blocked, id=20456, stack(0x0000003ffbe00000,0x0000003ffbf00000)]
  0x0000017763421800 JavaThread "Daemon client event forwarder" [_thread_blocked, id=16048, stack(0x0000003ffbd00000,0x0000003ffbe00000)]
  0x0000017763426800 JavaThread "Stdin handler" [_thread_blocked, id=18676, stack(0x0000003ffbc00000,0x0000003ffbd00000)]
  0x0000017763427000 JavaThread "Asynchronous log dispatcher for DefaultDaemonConnection: socket connection from /127.0.0.1:53553 to /127.0.0.1:53640" [_thread_blocked, id=6720, stack(0x0000003ffbb00000,0x0000003ffbc00000)]
  0x0000017763423800 JavaThread "Daemon worker Thread 3" [_thread_blocked, id=2164, stack(0x0000003ffba00000,0x0000003ffbb00000)]
  0x0000017763424000 JavaThread "Cancel handler" [_thread_blocked, id=8232, stack(0x0000003ffa000000,0x0000003ffa100000)]
  0x0000017763425800 JavaThread "Handler for socket connection from /127.0.0.1:53553 to /127.0.0.1:53640" [_thread_in_native, id=5652, stack(0x0000003ff9f00000,0x0000003ffa000000)]
  0x0000017763425000 JavaThread "Daemon Thread 4" [_thread_blocked, id=17056, stack(0x0000003ff9e00000,0x0000003ff9f00000)]
  0x000001776341f800 JavaThread "Cache worker for Java compile cache (C:\Users\user\.gradle\caches\8.1.1\javaCompile)" [_thread_blocked, id=6192, stack(0x0000003fff100000,0x0000003fff200000)]
  0x000001775efd3800 JavaThread "jar transforms Thread 10" [_thread_blocked, id=19948, stack(0x0000003ffd800000,0x0000003ffd900000)]
  0x000001775efd5000 JavaThread "Memory manager" [_thread_blocked, id=12464, stack(0x0000003ffd700000,0x0000003ffd800000)]
  0x000001775efd1000 JavaThread "jar transforms Thread 9" [_thread_blocked, id=12024, stack(0x0000003ffd500000,0x0000003ffd600000)]
  0x000001775efcf800 JavaThread "jar transforms Thread 8" [_thread_blocked, id=20656, stack(0x0000003ffd300000,0x0000003ffd400000)]
  0x000001775efc7800 JavaThread "jar transforms Thread 7" [_thread_blocked, id=14364, stack(0x0000003ffd200000,0x0000003ffd300000)]
  0x000001775efce800 JavaThread "jar transforms Thread 6" [_thread_blocked, id=10856, stack(0x0000003ffd100000,0x0000003ffd200000)]
  0x000001775efc8800 JavaThread "jar transforms Thread 5" [_thread_blocked, id=15548, stack(0x0000003ffd000000,0x0000003ffd100000)]
  0x000001775efce000 JavaThread "jar transforms Thread 4" [_thread_blocked, id=20952, stack(0x0000003ffcf00000,0x0000003ffd000000)]
  0x000001775efc6000 JavaThread "jar transforms Thread 3" [_thread_blocked, id=19560, stack(0x0000003ffce00000,0x0000003ffcf00000)]
  0x000001775efcd000 JavaThread "jar transforms Thread 2" [_thread_blocked, id=9940, stack(0x0000003ffcd00000,0x0000003ffce00000)]
  0x000001775efcc000 JavaThread "jar transforms" [_thread_blocked, id=1308, stack(0x0000003ffcc00000,0x0000003ffcd00000)]
  0x000001775efc9000 JavaThread "Cache worker for execution history cache (C:\Users\user\.gradle\caches\8.1.1\executionHistory)" [_thread_blocked, id=12420, stack(0x0000003ffcb00000,0x0000003ffcc00000)]
  0x000001775e08b800 JavaThread "Cache worker for file content cache (C:\Users\user\.gradle\caches\8.1.1\fileContent)" [_thread_blocked, id=11176, stack(0x0000003ffc800000,0x0000003ffc900000)]
  0x000001775e08e800 JavaThread "File watcher consumer" daemon [_thread_blocked, id=12508, stack(0x0000003ffc500000,0x0000003ffc600000)]
  0x000001775e08c800 JavaThread "File watcher server" daemon [_thread_in_native, id=652, stack(0x0000003ffc400000,0x0000003ffc500000)]
  0x000001775e090800 JavaThread "Cache worker for file hash cache (C:\Users\user\.gradle\caches\8.1.1\fileHashes)" [_thread_blocked, id=18564, stack(0x0000003ffc300000,0x0000003ffc400000)]
  0x000001775e091000 JavaThread "File lock request listener" [_thread_in_native, id=4960, stack(0x0000003ffc200000,0x0000003ffc300000)]
  0x000001775e08e000 JavaThread "Cache worker for journal cache (C:\Users\user\.gradle\caches\journal-1)" [_thread_blocked, id=2572, stack(0x0000003ffc100000,0x0000003ffc200000)]
  0x000001775e603800 JavaThread "Daemon periodic checks" [_thread_blocked, id=4656, stack(0x0000003ffb900000,0x0000003ffba00000)]
  0x000001775e750000 JavaThread "Incoming local TCP Connector on port 53553" [_thread_in_native, id=7716, stack(0x0000003ffb800000,0x0000003ffb900000)]
  0x000001775e645800 JavaThread "Daemon health stats" [_thread_blocked, id=3916, stack(0x0000003ffb700000,0x0000003ffb800000)]
  0x000001775ca07000 JavaThread "Service Thread" daemon [_thread_blocked, id=15024, stack(0x0000003ffb500000,0x0000003ffb600000)]
  0x000001775a443000 JavaThread "C1 CompilerThread3" daemon [_thread_blocked, id=15640, stack(0x0000003ffb400000,0x0000003ffb500000)]
  0x000001775c96e000 JavaThread "C2 CompilerThread2" daemon [_thread_in_native, id=21392, stack(0x0000003ffb300000,0x0000003ffb400000)]
=>0x000001775c96b000 JavaThread "C2 CompilerThread1" daemon [_thread_in_native, id=15372, stack(0x0000003ffb200000,0x0000003ffb300000)]
  0x000001775c969800 JavaThread "C2 CompilerThread0" daemon [_thread_in_native, id=17852, stack(0x0000003ffb100000,0x0000003ffb200000)]
  0x000001775a41d000 JavaThread "Attach Listener" daemon [_thread_blocked, id=15888, stack(0x0000003ffb000000,0x0000003ffb100000)]
  0x000001775a41c000 JavaThread "Signal Dispatcher" daemon [_thread_blocked, id=11324, stack(0x0000003ffaf00000,0x0000003ffb000000)]
  0x000001775a3f2800 JavaThread "Finalizer" daemon [_thread_blocked, id=17868, stack(0x0000003ffae00000,0x0000003ffaf00000)]
  0x000001775a3ec000 JavaThread "Reference Handler" daemon [_thread_blocked, id=16444, stack(0x0000003ffad00000,0x0000003ffae00000)]
  0x000001774784a800 JavaThread "main" [_thread_blocked, id=9424, stack(0x0000003ffa100000,0x0000003ffa200000)]

Other Threads:
  0x000001775a3c4000 VMThread [stack: 0x0000003ffac00000,0x0000003ffad00000] [id=14176]
  0x000001775ca19000 WatcherThread [stack: 0x0000003ffb600000,0x0000003ffb700000] [id=2908]

VM state:not at safepoint (normal execution)

VM Mutex/Monitor currently owned by a thread: None

heap address: 0x00000000e0000000, size: 512 MB, Compressed Oops mode: 32-bit
Narrow klass base: 0x0000000000000000, Narrow klass shift: 3
Compressed class space size: 1073741824 Address: 0x0000000100000000

Heap:
 PSYoungGen      total 151040K, used 49459K [0x00000000f5580000, 0x0000000100000000, 0x0000000100000000)
  eden space 129536K, 21% used [0x00000000f5580000,0x00000000f70cf900,0x00000000fd400000)
  from space 21504K, 99% used [0x00000000fd600000,0x00000000feafd3c0,0x00000000feb00000)
  to   space 21504K, 0% used [0x00000000feb00000,0x00000000feb00000,0x0000000100000000)
 ParOldGen       total 249856K, used 41626K [0x00000000e0000000, 0x00000000ef400000, 0x00000000f5580000)
  object space 249856K, 16% used [0x00000000e0000000,0x00000000e28a69f8,0x00000000ef400000)
 Metaspace       used 63041K, capacity 68610K, committed 68824K, reserved 1107968K
  class space    used 9047K, capacity 9934K, committed 9944K, reserved 1048576K

Card table byte_map: [0x0000017758690000,0x00000177587a0000] byte_map_base: 0x0000017757f90000

Marking Bits: (ParMarkBitMap*) 0x0000000061ad6850
 Begin Bits: [0x0000017758850000, 0x0000017759050000)
 End Bits:   [0x0000017759050000, 0x0000017759850000)

Polling page: 0x0000017747a90000

CodeCache: size=245760Kb used=22363Kb max_used=22369Kb free=223396Kb
 bounds [0x00000177492d0000, 0x000001774a8e0000, 0x00000177582d0000]
 total_blobs=7469 nmethods=6666 adapters=714
 compilation: enabled

Compilation events (10 events):
Event: 286.194 Thread 0x000001775c96b000 nmethod 7758 0x0000017749f91d50 code [0x0000017749f91ea0, 0x0000017749f91f48]
Event: 286.239 Thread 0x000001775a443000 7759       3       java.io.InputStreamReader::read (11 bytes)
Event: 286.240 Thread 0x000001775a443000 nmethod 7759 0x0000017749e84910 code [0x0000017749e84a80, 0x0000017749e84c30]
Event: 286.240 Thread 0x000001775a443000 7760   !   3       sun.nio.cs.StreamDecoder::read (196 bytes)
Event: 286.241 Thread 0x000001775a443000 nmethod 7760 0x0000017749886dd0 code [0x0000017749887000, 0x0000017749887d30]
Event: 286.242 Thread 0x000001775a443000 7761       3       java.lang.System$2::getConstantPool (5 bytes)
Event: 286.242 Thread 0x000001775a443000 nmethod 7761 0x00000177494d02d0 code [0x00000177494d0440, 0x00000177494d0650]
Event: 286.244 Thread 0x000001775c96e000 7762   !   4       java.net.URL::<init> (543 bytes)
Event: 286.254 Thread 0x000001775c969800 7763       4       sun.reflect.generics.parser.SignatureParser::parseClassTypeSignature (118 bytes)
Event: 286.254 Thread 0x000001775c96b000 7764       4       sun.reflect.generics.parser.SignatureParser::parsePackageNameAndSimpleClassTypeSignature (119 bytes)

GC Heap History (10 events):
Event: 4.412 GC heap before
{Heap before GC invocations=10 (full 2):
 PSYoungGen      total 160256K, used 156564K [0x00000000f5580000, 0x00000000fff80000, 0x0000000100000000)
  eden space 146432K, 100% used [0x00000000f5580000,0x00000000fe480000,0x00000000fe480000)
  from space 13824K, 73% used [0x00000000fe480000,0x00000000fee65080,0x00000000ff200000)
  to   space 13824K, 0% used [0x00000000ff200000,0x00000000ff200000,0x00000000fff80000)
 ParOldGen       total 175104K, used 14363K [0x00000000e0000000, 0x00000000eab00000, 0x00000000f5580000)
  object space 175104K, 8% used [0x00000000e0000000,0x00000000e0e06fb8,0x00000000eab00000)
 Metaspace       used 46841K, capacity 50452K, committed 50560K, reserved 1091584K
  class space    used 6873K, capacity 7482K, committed 7552K, reserved 1048576K
Event: 4.420 GC heap after
Heap after GC invocations=10 (full 2):
 PSYoungGen      total 156672K, used 13818K [0x00000000f5580000, 0x0000000100000000, 0x0000000100000000)
  eden space 142848K, 0% used [0x00000000f5580000,0x00000000f5580000,0x00000000fe100000)
  from space 13824K, 99% used [0x00000000ff200000,0x00000000fff7e938,0x00000000fff80000)
  to   space 15872K, 0% used [0x00000000fe100000,0x00000000fe100000,0x00000000ff080000)
 ParOldGen       total 175104K, used 15646K [0x00000000e0000000, 0x00000000eab00000, 0x00000000f5580000)
  object space 175104K, 8% used [0x00000000e0000000,0x00000000e0f47828,0x00000000eab00000)
 Metaspace       used 46841K, capacity 50452K, committed 50560K, reserved 1091584K
  class space    used 6873K, capacity 7482K, committed 7552K, reserved 1048576K
}
Event: 5.402 GC heap before
{Heap before GC invocations=11 (full 2):
 PSYoungGen      total 156672K, used 135183K [0x00000000f5580000, 0x0000000100000000, 0x0000000100000000)
  eden space 142848K, 84% used [0x00000000f5580000,0x00000000fcc05570,0x00000000fe100000)
  from space 13824K, 99% used [0x00000000ff200000,0x00000000fff7e938,0x00000000fff80000)
  to   space 15872K, 0% used [0x00000000fe100000,0x00000000fe100000,0x00000000ff080000)
 ParOldGen       total 175104K, used 15646K [0x00000000e0000000, 0x00000000eab00000, 0x00000000f5580000)
  object space 175104K, 8% used [0x00000000e0000000,0x00000000e0f47828,0x00000000eab00000)
 Metaspace       used 54011K, capacity 59000K, committed 59096K, reserved 1099776K
  class space    used 8040K, capacity 8853K, committed 8920K, reserved 1048576K
Event: 5.411 GC heap after
Heap after GC invocations=11 (full 2):
 PSYoungGen      total 158720K, used 15841K [0x00000000f5580000, 0x0000000100000000, 0x0000000100000000)
  eden space 142848K, 0% used [0x00000000f5580000,0x00000000f5580000,0x00000000fe100000)
  from space 15872K, 99% used [0x00000000fe100000,0x00000000ff078708,0x00000000ff080000)
  to   space 15872K, 0% used [0x00000000ff080000,0x00000000ff080000,0x0000000100000000)
 ParOldGen       total 175104K, used 21068K [0x00000000e0000000, 0x00000000eab00000, 0x00000000f5580000)
  object space 175104K, 12% used [0x00000000e0000000,0x00000000e1493368,0x00000000eab00000)
 Metaspace       used 54011K, capacity 59000K, committed 59096K, reserved 1099776K
  class space    used 8040K, capacity 8853K, committed 8920K, reserved 1048576K
}
Event: 5.411 GC heap before
{Heap before GC invocations=12 (full 3):
 PSYoungGen      total 158720K, used 15841K [0x00000000f5580000, 0x0000000100000000, 0x0000000100000000)
  eden space 142848K, 0% used [0x00000000f5580000,0x00000000f5580000,0x00000000fe100000)
  from space 15872K, 99% used [0x00000000fe100000,0x00000000ff078708,0x00000000ff080000)
  to   space 15872K, 0% used [0x00000000ff080000,0x00000000ff080000,0x0000000100000000)
 ParOldGen       total 175104K, used 21068K [0x00000000e0000000, 0x00000000eab00000, 0x00000000f5580000)
  object space 175104K, 12% used [0x00000000e0000000,0x00000000e1493368,0x00000000eab00000)
 Metaspace       used 54011K, capacity 59000K, committed 59096K, reserved 1099776K
  class space    used 8040K, capacity 8853K, committed 8920K, reserved 1048576K
Event: 5.533 GC heap after
Heap after GC invocations=12 (full 3):
 PSYoungGen      total 158720K, used 0K [0x00000000f5580000, 0x0000000100000000, 0x0000000100000000)
  eden space 142848K, 0% used [0x00000000f5580000,0x00000000f5580000,0x00000000fe100000)
  from space 15872K, 0% used [0x00000000fe100000,0x00000000fe100000,0x00000000ff080000)
  to   space 15872K, 0% used [0x00000000ff080000,0x00000000ff080000,0x0000000100000000)
 ParOldGen       total 249856K, used 33730K [0x00000000e0000000, 0x00000000ef400000, 0x00000000f5580000)
  object space 249856K, 13% used [0x00000000e0000000,0x00000000e20f0b90,0x00000000ef400000)
 Metaspace       used 53891K, capacity 58604K, committed 59096K, reserved 1099776K
  class space    used 8003K, capacity 8787K, committed 8920K, reserved 1048576K
}
Event: 176.427 GC heap before
{Heap before GC invocations=13 (full 3):
 PSYoungGen      total 158720K, used 142848K [0x00000000f5580000, 0x0000000100000000, 0x0000000100000000)
  eden space 142848K, 100% used [0x00000000f5580000,0x00000000fe100000,0x00000000fe100000)
  from space 15872K, 0% used [0x00000000fe100000,0x00000000fe100000,0x00000000ff080000)
  to   space 15872K, 0% used [0x00000000ff080000,0x00000000ff080000,0x0000000100000000)
 ParOldGen       total 249856K, used 33730K [0x00000000e0000000, 0x00000000ef400000, 0x00000000f5580000)
  object space 249856K, 13% used [0x00000000e0000000,0x00000000e20f0b90,0x00000000ef400000)
 Metaspace       used 59917K, capacity 65198K, committed 65368K, reserved 1105920K
  class space    used 8712K, capacity 9548K, committed 9560K, reserved 1048576K
Event: 176.442 GC heap after
Heap after GC invocations=13 (full 3):
 PSYoungGen      total 147456K, used 15871K [0x00000000f5580000, 0x0000000100000000, 0x0000000100000000)
  eden space 131584K, 0% used [0x00000000f5580000,0x00000000f5580000,0x00000000fd600000)
  from space 15872K, 99% used [0x00000000ff080000,0x00000000ffffff00,0x0000000100000000)
  to   space 21504K, 0% used [0x00000000fd600000,0x00000000fd600000,0x00000000feb00000)
 ParOldGen       total 249856K, used 35594K [0x00000000e0000000, 0x00000000ef400000, 0x00000000f5580000)
  object space 249856K, 14% used [0x00000000e0000000,0x00000000e22c28d0,0x00000000ef400000)
 Metaspace       used 59917K, capacity 65198K, committed 65368K, reserved 1105920K
  class space    used 8712K, capacity 9548K, committed 9560K, reserved 1048576K
}
Event: 285.982 GC heap before
{Heap before GC invocations=14 (full 3):
 PSYoungGen      total 147456K, used 147455K [0x00000000f5580000, 0x0000000100000000, 0x0000000100000000)
  eden space 131584K, 100% used [0x00000000f5580000,0x00000000fd600000,0x00000000fd600000)
  from space 15872K, 99% used [0x00000000ff080000,0x00000000ffffff00,0x0000000100000000)
  to   space 21504K, 0% used [0x00000000fd600000,0x00000000fd600000,0x00000000feb00000)
 ParOldGen       total 249856K, used 35594K [0x00000000e0000000, 0x00000000ef400000, 0x00000000f5580000)
  object space 249856K, 14% used [0x00000000e0000000,0x00000000e22c28d0,0x00000000ef400000)
 Metaspace       used 62173K, capacity 67708K, committed 67928K, reserved 1107968K
  class space    used 8930K, capacity 9800K, committed 9816K, reserved 1048576K
Event: 286.006 GC heap after
Heap after GC invocations=14 (full 3):
 PSYoungGen      total 151040K, used 21492K [0x00000000f5580000, 0x0000000100000000, 0x0000000100000000)
  eden space 129536K, 0% used [0x00000000f5580000,0x00000000f5580000,0x00000000fd400000)
  from space 21504K, 99% used [0x00000000fd600000,0x00000000feafd3c0,0x00000000feb00000)
  to   space 21504K, 0% used [0x00000000feb00000,0x00000000feb00000,0x0000000100000000)
 ParOldGen       total 249856K, used 41626K [0x00000000e0000000, 0x00000000ef400000, 0x00000000f5580000)
  object space 249856K, 16% used [0x00000000e0000000,0x00000000e28a69f8,0x00000000ef400000)
 Metaspace       used 62173K, capacity 67708K, committed 67928K, reserved 1107968K
  class space    used 8930K, capacity 9800K, committed 9816K, reserved 1048576K
}

Deoptimization events (10 events):
Event: 176.883 Thread 0x000001776342a800 Uncommon trap: reason=array_check action=maybe_recompile pc=0x000001774944c288 method=java.util.ComparableTimSort.binarySort([Ljava/lang/Object;III)V @ 215
Event: 176.885 Thread 0x000001776342a800 Uncommon trap: reason=unstable_if action=reinterpret pc=0x0000017749a54cb0 method=java.util.ComparableTimSort.countRunAndMakeAscending([Ljava/lang/Object;II)I @ 25
Event: 177.341 Thread 0x000001776342a800 Uncommon trap: reason=bimorphic action=maybe_recompile pc=0x00000177498bae80 method=java.util.regex.Pattern$Slice.match(Ljava/util/regex/Matcher;ILjava/lang/CharSequence;)Z @ 75
Event: 177.341 Thread 0x000001776342a800 Uncommon trap: reason=bimorphic action=maybe_recompile pc=0x00000177498bae80 method=java.util.regex.Pattern$Slice.match(Ljava/util/regex/Matcher;ILjava/lang/CharSequence;)Z @ 75
Event: 177.623 Thread 0x000001776342c000 Uncommon trap: reason=unstable_if action=reinterpret pc=0x00000177495fd558 method=com.google.common.collect.MapMakerInternalMap$Segment.getEntry(Ljava/lang/Object;I)Lcom/google/common/collect/MapMakerInternalMap$InternalEntry; @ 40
Event: 177.697 Thread 0x0000017763423800 Uncommon trap: reason=unstable_if action=reinterpret pc=0x0000017749b721b4 method=com.esotericsoftware.kryo.io.Input.require(I)I @ 180
Event: 285.326 Thread 0x0000017763425800 Uncommon trap: reason=bimorphic action=maybe_recompile pc=0x000001774a4cc86c method=com.google.common.collect.ImmutableSet.copyOf(Ljava/util/Collection;)Lcom/google/common/collect/ImmutableSet; @ 47
Event: 285.379 Thread 0x0000017763423800 Uncommon trap: reason=bimorphic action=maybe_recompile pc=0x00000177499f0288 method=com.google.common.base.CharMatcher.indexIn(Ljava/lang/CharSequence;I)I @ 31
Event: 285.461 Thread 0x000001776342b000 Uncommon trap: reason=predicate action=maybe_recompile pc=0x000001774a81ebd4 method=com.google.common.collect.RegularImmutableMap.fromEntryArrayCheckingBucketOverflow(I[Ljava/util/Map$Entry;Z)Lcom/google/common/collect/ImmutableMap; @ 53
Event: 286.017 Thread 0x000001776342b000 Uncommon trap: reason=null_check action=make_not_entrant pc=0x0000017749a7d05c method=com.sun.tools.javac.util.UnsharedNameTable.fromUtf([BII)Lcom/sun/tools/javac/util/Name; @ 50

Classes redefined (0 events):
No events

Internal exceptions (10 events):
Event: 285.367 Thread 0x0000017763423800 Exception <a 'sun/nio/fs/WindowsException'> (0x00000000fb45cc78) thrown at [C:\wsjdk\Corretto8Src\installers\windows\zip\corretto-build\buildRoot\hotspot\src\share\vm\prims\jni.cpp, line 711]
Event: 285.367 Thread 0x0000017763423800 Exception <a 'sun/nio/fs/WindowsException'> (0x00000000fb45e7f8) thrown at [C:\wsjdk\Corretto8Src\installers\windows\zip\corretto-build\buildRoot\hotspot\src\share\vm\prims\jni.cpp, line 711]
Event: 285.368 Thread 0x0000017763423800 Exception <a 'sun/nio/fs/WindowsException'> (0x00000000fb460350) thrown at [C:\wsjdk\Corretto8Src\installers\windows\zip\corretto-build\buildRoot\hotspot\src\share\vm\prims\jni.cpp, line 711]
Event: 285.496 Thread 0x000001776342b000 Exception <a 'sun/nio/fs/WindowsException'> (0x00000000fbd78140) thrown at [C:\wsjdk\Corretto8Src\installers\windows\zip\corretto-build\buildRoot\hotspot\src\share\vm\prims\jni.cpp, line 711]
Event: 285.498 Thread 0x000001776342b000 Exception <a 'sun/nio/fs/WindowsException'> (0x00000000fbd79a60) thrown at [C:\wsjdk\Corretto8Src\installers\windows\zip\corretto-build\buildRoot\hotspot\src\share\vm\prims\jni.cpp, line 711]
Event: 285.499 Thread 0x000001776342b000 Exception <a 'sun/nio/fs/WindowsException'> (0x00000000fbd7b4c0) thrown at [C:\wsjdk\Corretto8Src\installers\windows\zip\corretto-build\buildRoot\hotspot\src\share\vm\prims\jni.cpp, line 711]
Event: 285.500 Thread 0x000001776342b000 Exception <a 'sun/nio/fs/WindowsException'> (0x00000000fbd7cf48) thrown at [C:\wsjdk\Corretto8Src\installers\windows\zip\corretto-build\buildRoot\hotspot\src\share\vm\prims\jni.cpp, line 711]
Event: 285.936 Thread 0x000001776342b000 Exception <a 'java/io/FileNotFoundException'> (0x00000000fcb98140) thrown at [C:\wsjdk\Corretto8Src\installers\windows\zip\corretto-build\buildRoot\hotspot\src\share\vm\prims\jni.cpp, line 711]
Event: 285.938 Thread 0x000001776342b000 Exception <a 'java/io/FileNotFoundException'> (0x00000000fcbf1610) thrown at [C:\wsjdk\Corretto8Src\installers\windows\zip\corretto-build\buildRoot\hotspot\src\share\vm\prims\jni.cpp, line 711]
Event: 286.017 Thread 0x000001776342b000 Implicit null exception at 0x0000017749a7cbe1 to 0x0000017749a7d029

Events (10 events):
Event: 286.137 loading class com/sun/tools/javac/file/PathFileObject done
Event: 286.137 loading class com/sun/tools/javac/file/PathFileObject
Event: 286.137 loading class com/sun/tools/javac/file/PathFileObject done
Event: 286.137 loading class com/sun/tools/javac/file/PathFileObject
Event: 286.137 loading class com/sun/tools/javac/file/PathFileObject done
Event: 286.150 Thread 0x000001775c96e000 flushing nmethod 0x000001774a37e450
Event: 286.150 Thread 0x000001775c96e000 flushing nmethod 0x000001774a3bdc10
Event: 286.150 Thread 0x000001775c96e000 flushing nmethod 0x000001774a410cd0
Event: 286.150 Thread 0x000001775c96e000 flushing nmethod 0x000001774a412fd0
Event: 286.155 Thread 0x000001775c969800 flushing nmethod 0x000001774a4edc90


Dynamic libraries:
0x00007ff718670000 - 0x00007ff7186aa000 	C:\Users\user\.jdks\corretto-1.8.0_342\bin\java.exe
0x00007ff947b60000 - 0x00007ff947d67000 	C:\WINDOWS\SYSTEM32\ntdll.dll
0x00007ff946ca0000 - 0x00007ff946d5d000 	C:\WINDOWS\System32\KERNEL32.DLL
0x00007ff945220000 - 0x00007ff945594000 	C:\WINDOWS\System32\KERNELBASE.dll
0x00007ff946300000 - 0x00007ff9463ac000 	C:\WINDOWS\System32\ADVAPI32.dll
0x00007ff947820000 - 0x00007ff9478c3000 	C:\WINDOWS\System32\msvcrt.dll
0x00007ff946590000 - 0x00007ff94662d000 	C:\WINDOWS\System32\sechost.dll
0x00007ff946b70000 - 0x00007ff946c91000 	C:\WINDOWS\System32\RPCRT4.dll
0x00007ff946e30000 - 0x00007ff946fdc000 	C:\WINDOWS\System32\USER32.dll
0x00007ff945170000 - 0x00007ff945196000 	C:\WINDOWS\System32\win32u.dll
0x00007ff946aa0000 - 0x00007ff946ac9000 	C:\WINDOWS\System32\GDI32.dll
0x00007ff9458d0000 - 0x00007ff9459e2000 	C:\WINDOWS\System32\gdi32full.dll
0x00007ff9455a0000 - 0x00007ff94563d000 	C:\WINDOWS\System32\msvcp_win.dll
0x00007ff945640000 - 0x00007ff945751000 	C:\WINDOWS\System32\ucrtbase.dll
0x00007ff9381b0000 - 0x00007ff938455000 	C:\WINDOWS\WinSxS\amd64_microsoft.windows.common-controls_6595b64144ccf1df_6.0.22000.120_none_9d947278b86cc467\COMCTL32.dll
0x00007ff946d70000 - 0x00007ff946da1000 	C:\WINDOWS\System32\IMM32.DLL
0x00007ff90fe30000 - 0x00007ff90ff1f000 	C:\Users\user\.jdks\corretto-1.8.0_342\jre\bin\msvcr120.dll
0x00007ff90d0c0000 - 0x00007ff90d166000 	C:\Users\user\.jdks\corretto-1.8.0_342\jre\bin\msvcp120.dll
0x00000000612e0000 - 0x0000000061b55000 	C:\Users\user\.jdks\corretto-1.8.0_342\jre\bin\server\jvm.dll
0x00007ff947810000 - 0x00007ff947818000 	C:\WINDOWS\System32\PSAPI.DLL
0x00007ff938af0000 - 0x00007ff938af9000 	C:\WINDOWS\SYSTEM32\WSOCK32.dll
0x00007ff93e4f0000 - 0x00007ff93e4fa000 	C:\WINDOWS\SYSTEM32\VERSION.dll
0x00007ff93b430000 - 0x00007ff93b463000 	C:\WINDOWS\SYSTEM32\WINMM.dll
0x00007ff946520000 - 0x00007ff94658f000 	C:\WINDOWS\System32\WS2_32.dll
0x00007ff939400000 - 0x00007ff93940f000 	C:\Users\user\.jdks\corretto-1.8.0_342\jre\bin\verify.dll
0x00007ff9200e0000 - 0x00007ff920109000 	C:\Users\user\.jdks\corretto-1.8.0_342\jre\bin\java.dll
0x00007ff918220000 - 0x00007ff91824a000 	C:\Users\user\.jdks\corretto-1.8.0_342\jre\bin\instrument.dll
0x00007ff922960000 - 0x00007ff922976000 	C:\Users\user\.jdks\corretto-1.8.0_342\jre\bin\zip.dll
0x00007ff946fe0000 - 0x00007ff94778e000 	C:\WINDOWS\System32\SHELL32.dll
0x00007ff9431f0000 - 0x00007ff943a57000 	C:\WINDOWS\SYSTEM32\windows.storage.dll
0x00007ff945f80000 - 0x00007ff9462f8000 	C:\WINDOWS\System32\combase.dll
0x00007ff943080000 - 0x00007ff9431e6000 	C:\WINDOWS\SYSTEM32\wintypes.dll
0x00007ff945bb0000 - 0x00007ff945c9a000 	C:\WINDOWS\System32\SHCORE.dll
0x00007ff946dd0000 - 0x00007ff946e2d000 	C:\WINDOWS\System32\shlwapi.dll
0x00007ff944f70000 - 0x00007ff944f91000 	C:\WINDOWS\SYSTEM32\profapi.dll
0x00007ff920c50000 - 0x00007ff920c6a000 	C:\Users\user\.jdks\corretto-1.8.0_342\jre\bin\net.dll
0x00007ff944660000 - 0x00007ff9446c7000 	C:\WINDOWS\system32\mswsock.dll
0x00007ff9200b0000 - 0x00007ff9200c2000 	C:\Users\user\.jdks\corretto-1.8.0_342\jre\bin\nio.dll
0x00007ff920d10000 - 0x00007ff920d37000 	C:\Users\user\.gradle\native\68d5fa5c4cc2d200863cafc0d521ce42e7d3e7ee720ec0a83991735586a16f82\windows-amd64\native-platform.dll
0x00007ff90ce90000 - 0x00007ff90cfd4000 	C:\Users\user\.gradle\native\e376f236ea51e6404a007f0833ffe2c6e607c4080706a723a18a27aeea778392\windows-amd64\native-platform-file-events.dll
0x00007ff922d00000 - 0x00007ff922d0d000 	C:\Users\user\.jdks\corretto-1.8.0_342\jre\bin\management.dll
0x00007ff9448a0000 - 0x00007ff9448b8000 	C:\WINDOWS\SYSTEM32\CRYPTSP.dll
0x00007ff9441b0000 - 0x00007ff9441e5000 	C:\WINDOWS\system32\rsaenh.dll
0x00007ff944750000 - 0x00007ff944779000 	C:\WINDOWS\SYSTEM32\USERENV.dll
0x00007ff944a20000 - 0x00007ff944a47000 	C:\WINDOWS\SYSTEM32\bcrypt.dll
0x00007ff9451a0000 - 0x00007ff94521f000 	C:\WINDOWS\System32\bcryptprimitives.dll
0x00007ff9448c0000 - 0x00007ff9448cc000 	C:\WINDOWS\SYSTEM32\CRYPTBASE.dll
0x00007ff943d90000 - 0x00007ff943dbd000 	C:\WINDOWS\SYSTEM32\IPHLPAPI.DLL
0x00007ff946ad0000 - 0x00007ff946ad9000 	C:\WINDOWS\System32\NSI.dll
0x00007ff93fda0000 - 0x00007ff93fdb9000 	C:\WINDOWS\SYSTEM32\dhcpcsvc6.DLL
0x00007ff9405d0000 - 0x00007ff9405ee000 	C:\WINDOWS\SYSTEM32\dhcpcsvc.DLL
0x00007ff943dc0000 - 0x00007ff943ea7000 	C:\WINDOWS\SYSTEM32\DNSAPI.dll

VM Arguments:
jvm_args: -XX:MaxMetaspaceSize=384m -XX:+HeapDumpOnOutOfMemoryError -Xms256m -Xmx512m -Dfile.encoding=windows-1251 -Duser.country=US -Duser.language=en -Duser.variant -javaagent:C:\Users\user\.gradle\wrapper\dists\gradle-8.1.1-bin\9wiye5v2saajue4irfo8ybqfp\gradle-8.1.1\lib\agents\gradle-instrumentation-agent-8.1.1.jar 
java_command: org.gradle.launcher.daemon.bootstrap.GradleDaemon 8.1.1
java_class_path (initial): C:\Users\user\.gradle\wrapper\dists\gradle-8.1.1-bin\9wiye5v2saajue4irfo8ybqfp\gradle-8.1.1\lib\gradle-launcher-8.1.1.jar;C:\Users\user\.gradle\wrapper\dists\gradle-8.1.1-bin\9wiye5v2saajue4irfo8ybqfp\gradle-8.1.1\lib\agents\gradle-instrumentation-agent-8.1.1.jar
Launcher Type: SUN_STANDARD

Environment Variables:
JAVA_HOME=C:\Program Files\BellSoft\LibericaJDK-8\
PATH=C:\Program Files\Common Files\Oracle\Java\javapath;C:\Program Files (x86)\Common Files\Oracle\Java\javapath;C:\Program Files\BellSoft\LibericaJDK-8\bin\;D:\bin\;C:\ProgramData\Oracle\Java\javapath;C:\Windows\system32;C:\Windows;C:\Windows\System32\Wbem;C:\Windows\System32\WindowsPowerShell\v1.0\;C:\Windows\System32\OpenSSH\;C:\Program Files (x86)\NVIDIA Corporation\PhysX\Common;C:\WINDOWS\system32;C:\WINDOWS;C:\WINDOWS\System32\Wbem;C:\WINDOWS\System32\WindowsPowerShell\v1.0\;C:\WINDOWS\System32\OpenSSH\;C:\Program Files\Git\cmd;C:\Program Files\NVIDIA Corporation\NVIDIA NvDLISR;D:\js\;C:\Users\user\AppData\Local\Microsoft\WindowsApps;;D:\Microsoft VS Code\bin;C:\Users\user\AppData\Roaming\npm
USERNAME=user
OS=Windows_NT
PROCESSOR_IDENTIFIER=AMD64 Family 23 Model 113 Stepping 0, AuthenticAMD



---------------  S Y S T E M  ---------------

OS: Windows 11 , 64 bit Build 22000 (10.0.22000.318)

CPU:total 12 (initial active 12) (12 cores per cpu, 1 threads per core) family 23 model 113 stepping 0, cmov, cx8, fxsr, mmx, sse, sse2, sse3, ssse3, sse4.1, sse4.2, popcnt, avx, avx2, aes, clmul, mmxext, 3dnowpref, lzcnt, sse4a, tsc, tscinvbit, tscinv, bmi1

Memory: 4k page, physical 16724476k(1868292k free), swap 25113084k(5148k free)

vm_info: OpenJDK 64-Bit Server VM (25.342-b07) for windows-amd64 JRE (1.8.0_342-b07), built on Jul 21 2022 18:16:14 by "Administrator" with MS VC++ 12.0 (VS2013)

time: Thu Aug 17 10:42:48 2023
timezone: RTZ 2 (зима)
elapsed time: 286.299936 seconds (0d 0h 4m 46s)

